<?xml version="1.0" ?>
<!DOCTYPE coverage SYSTEM "http://cobertura.sourceforge.net/xml/coverage-04.dtd">
<coverage lines-valid="19"  lines-covered="7"  line-rate="0.36840000000000006"  branches-valid="4"  branches-covered="2"  branch-rate="0.5"  timestamp="1603454043773" complexity="0" version="0.1">
<sources>
	<source>/Users/fernandochucre/code/chucre/serverless-appsync-simulator-coverage-example</source>
</sources>
<packages>
	<package name="__root__"  line-rate="0.36840000000000006"  branch-rate="0.5" >
	<classes>
		<class name="Query.getArgumentsValues.request.vtl"  filename="Query.getArgumentsValues.request.vtl"  line-rate="0.35710000000000003"  branch-rate="0.5" >
		<methods>
		</methods>
		<lines>
			<line number="1"  hits="1"  branch="false" />
			<line number="2"  hits="1"  branch="false" />
			<line number="3"  hits="0"  branch="false" />
			<line number="4"  hits="0"  branch="false" />
			<line number="5"  hits="0"  branch="false" />
			<line number="6"  hits="0"  branch="false" />
			<line number="7"  hits="0"  branch="false" />
			<line number="8"  hits="0"  branch="false" />
			<line number="9"  hits="0"  branch="false" />
			<line number="11"  hits="1"  branch="false" />
			<line number="12"  hits="1"  branch="false" />
			<line number="13"  hits="1"  branch="false" />
			<line number="14"  hits="0"  branch="false" />
			<line number="15"  hits="0"  branch="false" />
		</lines>
		</class>
		<class name="Query.getArgumentsValues.response.vtl"  filename="Query.getArgumentsValues.response.vtl"  line-rate="0.4"  branch-rate="0.5" >
		<methods>
		</methods>
		<lines>
			<line number="1"  hits="1"  branch="false" />
			<line number="2"  hits="0"  branch="false" />
			<line number="3"  hits="0"  branch="false" />
			<line number="4"  hits="1"  branch="false" />
			<line number="5"  hits="0"  branch="false" />
		</lines>
		</class>
	</classes>
	</package>
</packages>
</coverage>
