{"Query.getArgumentsValues.request.vtl":{"path":"/Users/fernandochucre/code/chucre/serverless-appsync-simulator-coverage-example/coverage/templates/Query.getArgumentsValues.request.vtl","branchMap":{"1":{"type":"if","locations":[{"start":{"line":1,"column":0},"end":{"line":1,"column":48}},{"start":{"line":5,"column":0},"end":{"line":5,"column":5}}],"casesCount":2}},"fnMap":{},"b":{"1":[1,0]},"f":{},"l":{"1":1,"2":1,"3":0,"4":0,"5":0,"6":0,"7":0,"8":0,"9":0,"11":1,"12":1,"13":1,"14":0,"15":0},"s":{"1":1,"2":0,"3":1,"4":0,"5":0,"6":0,"7":0,"8":0,"9":0,"10":0,"11":0,"12":0,"13":0,"14":1,"15":0,"16":0,"17":1,"18":0,"19":0,"20":1,"21":0,"22":0},"statementMap":{"1":{"start":{"line":1,"column":0},"end":{"line":1,"column":48}},"2":{"start":{"line":1,"column":49},"end":{"line":1,"column":50}},"3":{"start":{"line":2,"column":2},"end":{"line":2,"column":26}},"4":{"start":{"line":2,"column":27},"end":{"line":2,"column":26}},"5":{"start":{"line":3,"column":0},"end":{"line":3,"column":53}},"6":{"start":{"line":3,"column":54},"end":{"line":3,"column":55}},"7":{"start":{"line":4,"column":2},"end":{"line":4,"column":31}},"8":{"start":{"line":4,"column":32},"end":{"line":4,"column":31}},"9":{"start":{"line":5,"column":0},"end":{"line":5,"column":5}},"10":{"start":{"line":5,"column":6},"end":{"line":5,"column":7}},"11":{"start":{"line":6,"column":2},"end":{"line":6,"column":43}},"12":{"start":{"line":6,"column":44},"end":{"line":6,"column":43}},"13":{"start":{"line":6,"column":44},"end":{"line":9,"column":56}},"14":{"start":{"line":11,"column":13},"end":{"line":11,"column":46}},"15":{"start":{"line":11,"column":47},"end":{"line":11,"column":47}},"16":{"start":{"line":11,"column":48},"end":{"line":12,"column":61}},"17":{"start":{"line":12,"column":14},"end":{"line":12,"column":48}},"18":{"start":{"line":12,"column":49},"end":{"line":12,"column":49}},"19":{"start":{"line":12,"column":50},"end":{"line":13,"column":63}},"20":{"start":{"line":13,"column":14},"end":{"line":13,"column":35}},"21":{"start":{"line":13,"column":36},"end":{"line":14,"column":37}},"22":{"start":{"line":14,"column":38},"end":{"line":15,"column":38}}}},"Query.getArgumentsValues.response.vtl":{"path":"/Users/fernandochucre/code/chucre/serverless-appsync-simulator-coverage-example/coverage/templates/Query.getArgumentsValues.response.vtl","branchMap":{"1":{"type":"if","locations":[{"start":{"line":1,"column":0},"end":{"line":1,"column":46}},{"start":{"line":3,"column":0},"end":{"line":3,"column":5}}],"casesCount":2}},"fnMap":{},"b":{"1":[1,0]},"f":{},"l":{"1":1,"2":0,"3":0,"4":1,"5":0},"s":{"1":1,"2":0,"3":0,"4":0,"5":0,"6":0,"7":1,"8":0,"9":0},"statementMap":{"1":{"start":{"line":1,"column":0},"end":{"line":1,"column":46}},"2":{"start":{"line":1,"column":47},"end":{"line":1,"column":48}},"3":{"start":{"line":2,"column":2},"end":{"line":2,"column":46}},"4":{"start":{"line":2,"column":47},"end":{"line":3,"column":46}},"5":{"start":{"line":3,"column":0},"end":{"line":3,"column":5}},"6":{"start":{"line":3,"column":6},"end":{"line":3,"column":7}},"7":{"start":{"line":4,"column":2},"end":{"line":4,"column":31}},"8":{"start":{"line":4,"column":32},"end":{"line":5,"column":31}},"9":{"start":{"line":5,"column":32},"end":{"line":5,"column":31}}}}}